\BOOKMARK [0][-]{chapter.0}{0 Overview}{}% 1
\BOOKMARK [0][-]{chapter.1}{1 Introduction to data}{}% 2
\BOOKMARK [1][-]{section.1.1}{1.1 Case study}{chapter.1}% 3
\BOOKMARK [1][-]{section.1.2}{1.2 Data basics}{chapter.1}% 4
\BOOKMARK [2][-]{subsection.1.2.1}{1.2.1 Observations, variables, and data matrices}{section.1.2}% 5
\BOOKMARK [2][-]{subsection.1.2.2}{1.2.2 Types of variables}{section.1.2}% 6
\BOOKMARK [2][-]{subsection.1.2.3}{1.2.3 Relationships between variables}{section.1.2}% 7
\BOOKMARK [1][-]{section.1.3}{1.3 Overview of data collection principles}{chapter.1}% 8
\BOOKMARK [2][-]{subsection.1.3.1}{1.3.1 Populations and samples}{section.1.3}% 9
\BOOKMARK [2][-]{subsection.1.3.2}{1.3.2 Anecdotal evidence}{section.1.3}% 10
\BOOKMARK [2][-]{subsection.1.3.3}{1.3.3 Sampling from a population}{section.1.3}% 11
\BOOKMARK [2][-]{subsection.1.3.4}{1.3.4 Explanatory and response variables}{section.1.3}% 12
\BOOKMARK [2][-]{subsection.1.3.5}{1.3.5 Introducing observational studies and experiments}{section.1.3}% 13
\BOOKMARK [1][-]{section.1.4}{1.4 Observational studies and sampling strategies}{chapter.1}% 14
\BOOKMARK [2][-]{subsection.1.4.1}{1.4.1 Observational studies}{section.1.4}% 15
\BOOKMARK [2][-]{subsection.1.4.2}{1.4.2 Three sampling methods \(special topic\)}{section.1.4}% 16
\BOOKMARK [1][-]{section.1.5}{1.5 Experiments}{chapter.1}% 17
\BOOKMARK [2][-]{subsection.1.5.1}{1.5.1 Principles of experimental design}{section.1.5}% 18
\BOOKMARK [2][-]{subsection.1.5.2}{1.5.2 Reducing bias in human experiments}{section.1.5}% 19
\BOOKMARK [1][-]{section.1.6}{1.6 Introduction to statistical inference}{chapter.1}% 20
\BOOKMARK [0][-]{chapter.2}{2 Descriptive Statistics}{}% 21
\BOOKMARK [1][-]{section.2.1}{2.1 Numerical Measures}{chapter.2}% 22
\BOOKMARK [2][-]{subsection.2.1.1}{2.1.1 The Sample mean}{section.2.1}% 23
\BOOKMARK [2][-]{subsection.2.1.2}{2.1.2 Median}{section.2.1}% 24
\BOOKMARK [2][-]{subsection.2.1.3}{2.1.3 Mode}{section.2.1}% 25
\BOOKMARK [2][-]{subsection.2.1.4}{2.1.4 Variance and standard deviation}{section.2.1}% 26
\BOOKMARK [1][-]{section.2.2}{2.2 Graphical Techniques}{chapter.2}% 27
\BOOKMARK [2][-]{subsection.2.2.1}{2.2.1 Histograms and shape}{section.2.2}% 28
\BOOKMARK [2][-]{subsection.2.2.2}{2.2.2 Box plots and quartiles}{section.2.2}% 29
\BOOKMARK [2][-]{subsection.2.2.3}{2.2.3 Robust statistics}{section.2.2}% 30
\BOOKMARK [2][-]{subsection.2.2.4}{2.2.4 Transforming data \(special topic\)}{section.2.2}% 31
\BOOKMARK [2][-]{subsection.2.2.5}{2.2.5 Mapping data \(special topic\)}{section.2.2}% 32
\BOOKMARK [1][-]{section.2.3}{2.3 Considering categorical data}{chapter.2}% 33
\BOOKMARK [2][-]{subsection.2.3.1}{2.3.1 Contingency tables and bar plots}{section.2.3}% 34
\BOOKMARK [2][-]{subsection.2.3.2}{2.3.2 Row and column proportions}{section.2.3}% 35
\BOOKMARK [2][-]{subsection.2.3.3}{2.3.3 Segmented bar and mosaic plots}{section.2.3}% 36
\BOOKMARK [2][-]{subsection.2.3.4}{2.3.4 Pie charts}{section.2.3}% 37
\BOOKMARK [2][-]{subsection.2.3.5}{2.3.5 Comparing numerical data across groups}{section.2.3}% 38
\BOOKMARK [1][-]{section.2.4}{2.4 Case study: gender discrimination \(special topic\)}{chapter.2}% 39
\BOOKMARK [2][-]{subsection.2.4.1}{2.4.1 Variability within data}{section.2.4}% 40
\BOOKMARK [2][-]{subsection.2.4.2}{2.4.2 Simulating the study}{section.2.4}% 41
\BOOKMARK [2][-]{subsection.2.4.3}{2.4.3 Checking for independence}{section.2.4}% 42
\BOOKMARK [0][-]{chapter.3}{3 Probability}{}% 43
\BOOKMARK [1][-]{section.3.1}{3.1 Defining probability}{chapter.3}% 44
\BOOKMARK [2][-]{subsection.3.1.1}{3.1.1 Probability}{section.3.1}% 45
\BOOKMARK [2][-]{subsection.3.1.2}{3.1.2 Common Notation}{section.3.1}% 46
\BOOKMARK [2][-]{subsection.3.1.3}{3.1.3 Venn Diagrams}{section.3.1}% 47
\BOOKMARK [2][-]{subsection.3.1.4}{3.1.4 Disjoint or mutually exclusive outcomes}{section.3.1}% 48
\BOOKMARK [2][-]{subsection.3.1.5}{3.1.5 Probabilities when events are not disjoint}{section.3.1}% 49
\BOOKMARK [2][-]{subsection.3.1.6}{3.1.6 Complement of an event}{section.3.1}% 50
\BOOKMARK [2][-]{subsection.3.1.7}{3.1.7 Probability distributions}{section.3.1}% 51
\BOOKMARK [1][-]{section.3.2}{3.2 Conditional probability and Independence}{chapter.3}% 52
\BOOKMARK [2][-]{subsection.3.2.1}{3.2.1 Marginal and joint probabilities}{section.3.2}% 53
\BOOKMARK [2][-]{subsection.3.2.2}{3.2.2 Defining conditional probability}{section.3.2}% 54
\BOOKMARK [2][-]{subsection.3.2.3}{3.2.3 Smallpox in Boston, 1721}{section.3.2}% 55
\BOOKMARK [2][-]{subsection.3.2.4}{3.2.4 Independence}{section.3.2}% 56
\BOOKMARK [2][-]{subsection.3.2.5}{3.2.5 General multiplication rule}{section.3.2}% 57
\BOOKMARK [2][-]{subsection.3.2.6}{3.2.6 Tree diagrams}{section.3.2}% 58
\BOOKMARK [2][-]{subsection.3.2.7}{3.2.7 Bayes' Theorem}{section.3.2}% 59
\BOOKMARK [1][-]{section.3.3}{3.3 Sampling from a small population \(special topic\)}{chapter.3}% 60
\BOOKMARK [1][-]{section.3.4}{3.4 Random variables}{chapter.3}% 61
\BOOKMARK [2][-]{subsection.3.4.1}{3.4.1 Introduction of the mean and variance of random variables}{section.3.4}% 62
\BOOKMARK [2][-]{subsection.3.4.2}{3.4.2 Discrete Random variables}{section.3.4}% 63
\BOOKMARK [3][-]{subsubsection.3.4.2.1}{3.4.2.1 Probability mass function}{subsection.3.4.2}% 64
\BOOKMARK [3][-]{subsubsection.3.4.2.2}{3.4.2.2 Mean}{subsection.3.4.2}% 65
\BOOKMARK [3][-]{subsubsection.3.4.2.3}{3.4.2.3 Variance}{subsection.3.4.2}% 66
\BOOKMARK [2][-]{subsection.3.4.3}{3.4.3 Continuous random variables}{section.3.4}% 67
\BOOKMARK [3][-]{subsubsection.3.4.3.1}{3.4.3.1 From histograms to continuous distributions}{subsection.3.4.3}% 68
\BOOKMARK [3][-]{subsubsection.3.4.3.2}{3.4.3.2 Probabilities from continuous distributions}{subsection.3.4.3}% 69
\BOOKMARK [3][-]{subsubsection.3.4.3.3}{3.4.3.3 Probability density function}{subsection.3.4.3}% 70
\BOOKMARK [3][-]{subsubsection.3.4.3.4}{3.4.3.4 Mean}{subsection.3.4.3}% 71
\BOOKMARK [3][-]{subsubsection.3.4.3.5}{3.4.3.5 Variance}{subsection.3.4.3}% 72
\BOOKMARK [1][-]{section.3.5}{3.5 Linear combinations of random variables}{chapter.3}% 73
\BOOKMARK [2][-]{subsection.3.5.1}{3.5.1 Expected value of linear combinations of random variables}{section.3.5}% 74
\BOOKMARK [2][-]{subsection.3.5.2}{3.5.2 Variability in linear combinations of random variables}{section.3.5}% 75
\BOOKMARK [0][-]{chapter.4}{4 Distributions of random variables}{}% 76
\BOOKMARK [1][-]{section.4.1}{4.1 Distributions of discrete random variables}{chapter.4}% 77
\BOOKMARK [2][-]{subsection.4.1.1}{4.1.1 Bernoulli distribution}{section.4.1}% 78
\BOOKMARK [2][-]{subsection.4.1.2}{4.1.2 Binomial distribution}{section.4.1}% 79
\BOOKMARK [2][-]{subsection.4.1.3}{4.1.3 Geometric distribution}{section.4.1}% 80
\BOOKMARK [2][-]{subsection.4.1.4}{4.1.4 Negative binomial distribution}{section.4.1}% 81
\BOOKMARK [2][-]{subsection.4.1.5}{4.1.5 Poisson distribution}{section.4.1}% 82
\BOOKMARK [1][-]{section.4.2}{4.2 Distributions of continuous random variables}{chapter.4}% 83
\BOOKMARK [2][-]{subsection.4.2.1}{4.2.1 Continuous uniform distribution}{section.4.2}% 84
\BOOKMARK [2][-]{subsection.4.2.2}{4.2.2 Normal distribution}{section.4.2}% 85
\BOOKMARK [3][-]{subsubsection.4.2.2.1}{4.2.2.1 Normal distribution model}{subsection.4.2.2}% 86
\BOOKMARK [3][-]{subsubsection.4.2.2.2}{4.2.2.2 Standardizing with Z scores}{subsection.4.2.2}% 87
\BOOKMARK [3][-]{subsubsection.4.2.2.3}{4.2.2.3 Normal probability table}{subsection.4.2.2}% 88
\BOOKMARK [3][-]{subsubsection.4.2.2.4}{4.2.2.4 Normal probability examples}{subsection.4.2.2}% 89
\BOOKMARK [3][-]{subsubsection.4.2.2.5}{4.2.2.5 Empirical rule}{subsection.4.2.2}% 90
\BOOKMARK [3][-]{subsubsection.4.2.2.6}{4.2.2.6 Normal approximation to the binomial distribution}{subsection.4.2.2}% 91
\BOOKMARK [3][-]{subsubsection.4.2.2.7}{4.2.2.7 The normal approximation breaks down on small intervals}{subsection.4.2.2}% 92
\BOOKMARK [3][-]{subsubsection.4.2.2.8}{4.2.2.8 Normal probability plots}{subsection.4.2.2}% 93
\BOOKMARK [3][-]{subsubsection.4.2.2.9}{4.2.2.9 Constructing a normal probability plot \(special topic\)}{subsection.4.2.2}% 94
\BOOKMARK [2][-]{subsection.4.2.3}{4.2.3 t distribution}{section.4.2}% 95
\BOOKMARK [3][-]{subsubsection.4.2.3.1}{4.2.3.1 t table}{subsection.4.2.3}% 96
\BOOKMARK [0][-]{chapter.5}{5 Basic foundations of Inference}{}% 97
\BOOKMARK [1][-]{section.5.1}{5.1 Sampling distributions}{chapter.5}% 98
\BOOKMARK [1][-]{section.5.2}{5.2 Central Limit Theorem}{chapter.5}% 99
\BOOKMARK [1][-]{section.5.3}{5.3 Variability in point estimates}{chapter.5}% 100
\BOOKMARK [1][-]{section.5.4}{5.4 Case study: Cherry blosson 10 mile run}{chapter.5}% 101
\BOOKMARK [2][-]{subsection.5.4.1}{5.4.1 Calculations of the sample mean}{section.5.4}% 102
\BOOKMARK [2][-]{subsection.5.4.2}{5.4.2 A sampling distribution of the sample mean}{section.5.4}% 103
\BOOKMARK [2][-]{subsection.5.4.3}{5.4.3 Standard error of the mean}{section.5.4}% 104
\BOOKMARK [0][-]{chapter.6}{6 Foundations for inference}{}% 105
\BOOKMARK [1][-]{section.6.1}{6.1 Variability in estimates}{chapter.6}% 106
\BOOKMARK [2][-]{subsection.6.1.1}{6.1.1 Point estimates}{section.6.1}% 107
\BOOKMARK [2][-]{subsection.6.1.2}{6.1.2 Point estimates are not exact}{section.6.1}% 108
\BOOKMARK [2][-]{subsection.6.1.3}{6.1.3 Standard error of the mean}{section.6.1}% 109
\BOOKMARK [2][-]{subsection.6.1.4}{6.1.4 Basic properties of point estimates}{section.6.1}% 110
\BOOKMARK [1][-]{section.6.2}{6.2 Confidence intervals}{chapter.6}% 111
\BOOKMARK [2][-]{subsection.6.2.1}{6.2.1 Capturing the population parameter}{section.6.2}% 112
\BOOKMARK [2][-]{subsection.6.2.2}{6.2.2 An approximate 95\045 confidence interval}{section.6.2}% 113
\BOOKMARK [2][-]{subsection.6.2.3}{6.2.3 A sampling distribution of the sample mean}{section.6.2}% 114
\BOOKMARK [2][-]{subsection.6.2.4}{6.2.4 Changing the confidence level}{section.6.2}% 115
\BOOKMARK [2][-]{subsection.6.2.5}{6.2.5 Interpreting confidence intervals}{section.6.2}% 116
\BOOKMARK [2][-]{subsection.6.2.6}{6.2.6 Nearly normal population with known SD \(special topic\)}{section.6.2}% 117
\BOOKMARK [1][-]{section.6.3}{6.3 Inference for other estimators}{chapter.6}% 118
\BOOKMARK [2][-]{subsection.6.3.1}{6.3.1 Confidence intervals for nearly normal point estimates}{section.6.3}% 119
\BOOKMARK [2][-]{subsection.6.3.2}{6.3.2 Hypothesis testing for nearly normal point estimates}{section.6.3}% 120
\BOOKMARK [2][-]{subsection.6.3.3}{6.3.3 Non-normal point estimates}{section.6.3}% 121
\BOOKMARK [2][-]{subsection.6.3.4}{6.3.4 When to retreat}{section.6.3}% 122
\BOOKMARK [1][-]{section.6.4}{6.4 Sample size and power \(special topic\)}{chapter.6}% 123
\BOOKMARK [2][-]{subsection.6.4.1}{6.4.1 Finding a sample size for a certain margin of error}{section.6.4}% 124
\BOOKMARK [2][-]{subsection.6.4.2}{6.4.2 Power and the Type 2 Error rate}{section.6.4}% 125
\BOOKMARK [2][-]{subsection.6.4.3}{6.4.3 Statistical significance versus practical significance}{section.6.4}% 126
\BOOKMARK [0][-]{chapter.7}{7 Confidence intervals}{}% 127
\BOOKMARK [1][-]{section.7.1}{7.1 Introduction}{chapter.7}% 128
\BOOKMARK [2][-]{subsection.7.1.1}{7.1.1 Capturing the population parameter}{section.7.1}% 129
\BOOKMARK [2][-]{subsection.7.1.2}{7.1.2 Constructing an approximate \(1-\)\045 confidence interval}{section.7.1}% 130
\BOOKMARK [2][-]{subsection.7.1.3}{7.1.3 Interpreting an approximate \(1-\)\045 confidence interval}{section.7.1}% 131
\BOOKMARK [2][-]{subsection.7.1.4}{7.1.4 Finding values from the relevant reference distribution}{section.7.1}% 132
\BOOKMARK [3][-]{subsubsection.7.1.4.1}{7.1.4.1 When \040is known and for proportions}{subsection.7.1.4}% 133
\BOOKMARK [1][-]{section.7.2}{7.2 One sample confidence intervals}{chapter.7}% 134
\BOOKMARK [2][-]{subsection.7.2.1}{7.2.1 On the mean}{section.7.2}% 135
\BOOKMARK [3][-]{subsubsection.7.2.1.1}{7.2.1.1 When \040is known}{subsection.7.2.1}% 136
\BOOKMARK [3][-]{subsubsection.7.2.1.2}{7.2.1.2 When \040is not known}{subsection.7.2.1}% 137
\BOOKMARK [2][-]{subsection.7.2.2}{7.2.2 On a proportion}{section.7.2}% 138
\BOOKMARK [2][-]{subsection.7.2.3}{7.2.3 Assumptions}{section.7.2}% 139
\BOOKMARK [3][-]{subsubsection.7.2.3.1}{7.2.3.1 On the mean}{subsection.7.2.3}% 140
\BOOKMARK [3][-]{subsubsection.7.2.3.2}{7.2.3.2 On a proportion}{subsection.7.2.3}% 141
\BOOKMARK [1][-]{section.7.3}{7.3 Two sample confidence intervals}{chapter.7}% 142
\BOOKMARK [2][-]{subsection.7.3.1}{7.3.1 On a difference of two means}{section.7.3}% 143
\BOOKMARK [3][-]{subsubsection.7.3.1.1}{7.3.1.1 When 1 and 2 are known}{subsection.7.3.1}% 144
\BOOKMARK [3][-]{subsubsection.7.3.1.2}{7.3.1.2 When 1 and 2 are not known}{subsection.7.3.1}% 145
\BOOKMARK [4][-]{paragraph.7.3.1.2.1}{7.3.1.2.1 When 1 =2}{subsubsection.7.3.1.2}% 146
\BOOKMARK [4][-]{paragraph.7.3.1.2.2}{7.3.1.2.2 When 1 = 2}{subsubsection.7.3.1.2}% 147
\BOOKMARK [2][-]{subsection.7.3.2}{7.3.2 On paired data}{section.7.3}% 148
\BOOKMARK [2][-]{subsection.7.3.3}{7.3.3 On a difference of two proportions}{section.7.3}% 149
\BOOKMARK [2][-]{subsection.7.3.4}{7.3.4 Assumptions}{section.7.3}% 150
\BOOKMARK [3][-]{subsubsection.7.3.4.1}{7.3.4.1 On a difference of two means}{subsection.7.3.4}% 151
\BOOKMARK [3][-]{subsubsection.7.3.4.2}{7.3.4.2 On paired data}{subsection.7.3.4}% 152
\BOOKMARK [3][-]{subsubsection.7.3.4.3}{7.3.4.3 On a difference of two proportions}{subsection.7.3.4}% 153
\BOOKMARK [0][-]{chapter.8}{8 Hypothesis testing}{}% 154
\BOOKMARK [1][-]{section.8.1}{8.1 Introduction}{chapter.8}% 155
\BOOKMARK [2][-]{subsection.8.1.1}{8.1.1 State the null and alternative hypothesis}{section.8.1}% 156
\BOOKMARK [2][-]{subsection.8.1.2}{8.1.2 Find the appropriate test statistic}{section.8.1}% 157
\BOOKMARK [2][-]{subsection.8.1.3}{8.1.3 Find the p-value}{section.8.1}% 158
\BOOKMARK [2][-]{subsection.8.1.4}{8.1.4 Compare with a level of significance }{section.8.1}% 159
\BOOKMARK [2][-]{subsection.8.1.5}{8.1.5 Make a conclusion}{section.8.1}% 160
\BOOKMARK [2][-]{subsection.8.1.6}{8.1.6 Testing hypotheses using confidence intervals}{section.8.1}% 161
\BOOKMARK [1][-]{section.8.2}{8.2 One sample hypothesis tests}{chapter.8}% 162
\BOOKMARK [2][-]{subsection.8.2.1}{8.2.1 On the mean}{section.8.2}% 163
\BOOKMARK [3][-]{subsubsection.8.2.1.1}{8.2.1.1 When \040is known}{subsection.8.2.1}% 164
\BOOKMARK [3][-]{subsubsection.8.2.1.2}{8.2.1.2 When \040is not known}{subsection.8.2.1}% 165
\BOOKMARK [1][-]{section.8.3}{8.3 Decision errors}{chapter.8}% 166
\BOOKMARK [2][-]{subsection.8.3.1}{8.3.1 Two-sided hypothesis testing with p-values}{section.8.3}% 167
\BOOKMARK [1][-]{section.8.4}{8.4 Choosing a significance level \(special topic\)}{chapter.8}% 168
\BOOKMARK [0][-]{appendix.A}{A Distribution tables}{}% 169
\BOOKMARK [1][-]{section.A.1}{A.1 Standard Normal Probability Table}{appendix.A}% 170
\BOOKMARK [1][-]{section.A.2}{A.2 t Distribution Table }{appendix.A}% 171
\BOOKMARK [1][-]{section.A.3}{A.3 t Distribution Table}{appendix.A}% 172
