This is pdfTeX, Version 3.1415926-2.5-1.40.14 (TeX Live 2013) (format=pdflatex 2013.5.30)  22 AUG 2014 01:08
entering extended mode
 \write18 enabled.
 file:line:error style messages enabled.
 %&-line parsing enabled.
**styleV5-print.tex
(./styleV5-print.tex
LaTeX2e <2011/06/27>
Babel <3.9f> and hyphenation patterns for 78 languages loaded.
\c@alwaysOne=\count79
\c@alwaysTwo=\count80
\c@alwaysThree=\count81
\c@alwaysFour=\count82
\c@withinChNum=\count83

./styleV5-print.tex:82: LaTeX Error: No counter 'chapter' defined.

See the LaTeX manual or LaTeX Companion for explanation.
Type  H <return>  for immediate help.
 ...                                              
                                                  
l.82 \newcounter{withinChNum}[chapter]
                                      
? 
./styleV5-print.tex:82: Emergency stop.
 ...                                              
                                                  
l.82 \newcounter{withinChNum}[chapter]
                                      
Your command was ignored.
Type  I <command> <return>  to replace it with another command,
or  <return>  to continue without it.

 
Here is how much of TeX's memory you used:
 36 strings out of 493315
 665 string characters out of 6137904
 52158 words of memory out of 5000000
 3587 multiletter control sequences out of 15000+600000
 3640 words of font info for 14 fonts, out of 8000000 for 9000
 957 hyphenation exceptions out of 8191
 9i,0n,12p,94b,14s stack positions out of 5000i,500n,10000p,200000b,80000s
./styleV5-print.tex:82:  ==> Fatal error occurred, no output PDF file produced!

