This is pdfTeX, Version 3.1415926-2.5-1.40.14 (TeX Live 2013) (format=pdflatex 2013.5.30)  3 SEP 2014 22:37
entering extended mode
 \write18 enabled.
 file:line:error style messages enabled.
 %&-line parsing enabled.
**05-5-V03.tex
(./05-5-V03.tex
LaTeX2e <2011/06/27>
Babel <3.9f> and hyphenation patterns for 78 languages loaded.
./05-5-V03.tex:1: Undefined control sequence.
l.1 \chapter
            {Hypothesis testing}
? 
./05-5-V03.tex:1: Emergency stop.
l.1 \chapter
            {Hypothesis testing}
End of file on the terminal!

 
Here is how much of TeX's memory you used:
 5 strings out of 493315
 130 string characters out of 6137904
 52158 words of memory out of 5000000
 3557 multiletter control sequences out of 15000+600000
 3640 words of font info for 14 fonts, out of 8000000 for 9000
 957 hyphenation exceptions out of 8191
 5i,0n,1p,43b,8s stack positions out of 5000i,500n,10000p,200000b,80000s
./05-5-V03.tex:1:  ==> Fatal error occurred, no output PDF file produced!
